=== Training started ===
2025-09-12 00:02:40.837506: I tensorflow/core/util/port.cc:153] oneDNN custom operations are on. You may see slightly different numerical results due to floating-point round-off errors from different computation orders. To turn them off, set the environment variable `TF_ENABLE_ONEDNN_OPTS=0`.
2025-09-12 00:02:41.612458: I tensorflow/core/util/port.cc:153] oneDNN custom operations are on. You may see slightly different numerical results due to floating-point round-off errors from different computation orders. To turn them off, set the environment variable `TF_ENABLE_ONEDNN_OPTS=0`.
2025-09-12 00:02:42.775878: I tensorflow/core/platform/cpu_feature_guard.cc:210] This TensorFlow binary is optimized to use available CPU instructions in performance-critical operations.
To enable the following instructions: SSE3 SSE4.1 SSE4.2 AVX AVX2 FMA, in other operations, rebuild TensorFlow with the appropriate compiler flags.
C:\Users\Admin\AppData\Local\Programs\Python\Python311\Lib\site-packages\keras\src\trainers\data_adapters\py_dataset_adapter.py:121: UserWarning: Your `PyDataset` class should call `super().__init__(**kwargs)` in its constructor. `**kwargs` can include `workers`, `use_multiprocessing`, `max_queue_size`. Do not pass these arguments to `fit()`, as they will be ignored.
  self._warn_if_super_not_called()
Dataset size: 26573, Aug config: {'time_warp': {'enabled': True, 'prob': 0.05}, 'window_slice': {'enabled': True, 'prob': 0.5, 'max_slices': 1}, 'jitter': {'enabled': True, 'prob': 0.2, 'noise_level': 0.005}, 'scaling': {'enabled': True, 'prob': 0.2}, 'permutation': {'enabled': False}}, Mixup: 0.1

===== Fold 1/5 =====
Epoch 1/20

[1m  1/665[0m [37m====================[0m [1m1:10:08[0m 6s/step - accuracy: 0.0000e+00 - loss: 3.0686
[1m  3/665[0m [37m====================[0m [1m25s[0m 38ms/step - accuracy: 0.0382 - loss: 3.0174      
[1m  5/665[0m [37m====================[0m [1m25s[0m 39ms/step - accuracy: 0.0739 - loss: 2.9801
[1m  7/665[0m [37m====================[0m [1m26s[0m 40ms/step - accuracy: 0.0946 - loss: 2.9468
[1m  9/665[0m [37m====================[0m [1m25s[0m 40ms/step - accuracy: 0.1054 - loss: 2.9321
[1m 11/665[0m [37m====================[0m [1m25s[0m 40ms/step - accuracy: 0.1171 - loss: 2.9144
[1m 13/665[0m [37m====================[0m [1m25s[0m 39ms/step - accuracy: 0.1264 - loss: 2.8986
[1m 15/665[0m [37m====================[0m [1m25s[0m 39ms/step - accuracy: 0.1338 - loss: 2.8851
[1m 17/665[0m [37m====================[0m [1m25s[0m 39ms/step - accuracy: 0.1402 - loss: 2.8712
[1m 19/665[0m [37m====================[0m [1m24s[0m 39ms/step - accuracy: 0.1470 - loss: 2.8563
[1m 21/665[0m [37m====================[0m [1m24s[0m 38ms/step - accuracy: 0.1533 - loss: 2.8411
[1m 23/665[0m [37m====================[0m [1m24s[0m 38ms/step - accuracy: 0.1601 - loss: 2.8248
[1m 25/665[0m [37m====================[0m [1m24s[0m 38ms/step - accuracy: 0.1668 - loss: 2.8079
[1m 27/665[0m [37m====================[0m [1m24s[0m 38ms/step - accuracy: 0.1734 - loss: 2.7913
[1m 29/665[0m [37m====================[0m [1m23s[0m 38ms/step - accuracy: 0.1798 - loss: 2.7757
[1m 31/665[0m [37m====================[0m [1m23s[0m 38ms/step - accuracy: 0.1859 - loss: 2.7599
[1m 33/665[0m [37m====================[0m [1m23s[0m 38ms/step - accuracy: 0.1916 - loss: 2.7443
[1m 35/665[0m [32m=[0m[37m===================[0m [1m23s[0m 38ms/step - accuracy: 0.1971 - loss: 2.7290
[1m 37/665[0m [32m=[0m[37m===================[0m [1m23s[0m 38ms/step - accuracy: 0.2022 - loss: 2.7142
[1m 39/665[0m [32m=[0m[37m===================[0m [1m23s[0m 37ms/step - accuracy: 0.2069 - loss: 2.7004
[1m 41/665[0m [32m=[0m[37m===================[0m [1m23s[0m 37ms/step - accuracy: 0.2113 - loss: 2.6868
[1m 43/665[0m [32m=[0m[37m===================[0m [1m23s[0m 37ms/step - accuracy: 0.2156 - loss: 2.6737
[1m 45/665[0m [32m=[0m[37m===================[0m [1m22s[0m 37ms/step - accuracy: 0.2199 - loss: 2.6607
[1m 47/665[0m [32m=[0m[37m===================[0m [1m22s[0m 37ms/step - accuracy: 0.2241 - loss: 2.6477
[1m 49/665[0m [32m=[0m[37m===================[0m [1m22s[0m 37ms/step - accuracy: 0.2283 - loss: 2.6348
[1m 50/665[0m [32m=[0m[37m===================[0m [1m22s[0m 37ms/step - accuracy: 0.2303 - loss: 2.6285
[1m 52/665[0m [32m=[0m[37m===================[0m [1m22s[0m 37ms/step - accuracy: 0.2343 - loss: 2.6161
[1m 54/665[0m [32m=[0m[37m===================[0m [1m22s[0m 38ms/step - accuracy: 0.2382 - loss: 2.6040
[1m 56/665[0m [32m=[0m[37m===================[0m [1m22s[0m 38ms/step - accuracy: 0.2420 - loss: 2.5920
[1m 58/665[0m [32m=[0m[37m===================[0m [1m22s[0m 38ms/step - accuracy: 0.2458 - loss: 2.5803
[1m 60/665[0m [32m=[0m[37m===================[0m [1m22s[0m 38ms/step - accuracy: 0.2495 - loss: 2.5686
[1m 62/665[0m [32m=[0m[37m===================[0m [1m22s[0m 38ms/step - accuracy: 0.2532 - loss: 2.5573
[1m 64/665[0m [32m=[0m[37m===================[0m [1m22s[0m 38ms/step - accuracy: 0.2566 - loss: 2.5463
[1m 66/665[0m [32m=[0m[37m===================[0m [1m22s[0m 38ms/step - accuracy: 0.2600 - loss: 2.5355
[1m 68/665[0m [32m==[0m[37m==================[0m [1m22s[0m 38ms/step - accuracy: 0.2632 - loss: 2.5250
[1m 70/665[0m [32m==[0m[37m==================[0m [1m22s[0m 38ms/step - accuracy: 0.2664 - loss: 2.5145
[1m 72/665[0m [32m==[0m[37m==================[0m [1m22s[0m 38ms/step - accuracy: 0.2696 - loss: 2.5042
[1m 74/665[0m [32m==[0m[37m==================[0m [1m22s[0m 38ms/step - accuracy: 0.2728 - loss: 2.4940
[1m 76/665[0m [32m==[0m[37m==================[0m [1m22s[0m 38ms/step - accuracy: 0.2759 - loss: 2.4839
[1m 78/665[0m [32m==[0m[37m==================[0m [1m22s[0m 38ms/step - accuracy: 0.2789 - loss: 2.4738
[1m 80/665[0m [32m==[0m[37m==================[0m [1m21s[0m 37ms/step - accuracy: 0.2819 - loss: 2.4638
[1m 82/665[0m [32m==[0m[37m==================[0m [1m21s[0m 37ms/step - accuracy: 0.2849 - loss: 2.4540
[1m 84/665[0m [32m==[0m[37m==================[0m [1m21s[0m 37ms/step - accuracy: 0.2877 - loss: 2.4444
[1m 86/665[0m [32m==[0m[37m==================[0m [1m21s[0m 37ms/step - accuracy: 0.2905 - loss: 2.4349
[1m 88/665[0m [32m==[0m[37m==================[0m [1m21s[0m 37ms/step - accuracy: 0.2932 - loss: 2.4257
[1m 90/665[0m [32m==[0m[37m==================[0m [1m21s[0m 37ms/step - accuracy: 0.2959 - loss: 2.4165
[1m 92/665[0m [32m==[0m[37m==================[0m [1m21s[0m 37ms/step - accuracy: 0.2986 - loss: 2.4075
[1m 94/665[0m [32m==[0m[37m==================[0m [1m21s[0m 37ms/step - accuracy: 0.3012 - loss: 2.3985
[1m 96/665[0m [32m==[0m[37m==================[0m [1m21s[0m 37ms/step - accuracy: 0.3038 - loss: 2.3896
[1m 98/665[0m [32m==[0m[37m==================[0m [1m21s[0m 37ms/step - accuracy: 0.3064 - loss: 2.3808
[1m100/665[0m [32m===[0m[37m=================[0m [1m21s[0m 37ms/step - accuracy: 0.3090 - loss: 2.3721
[1m102/665[0m [32m===[0m[37m=================[0m [1m20s[0m 37ms/step - accuracy: 0.3116 - loss: 2.3635
[1m104/665[0m [32m===[0m[37m=================[0m [1m20s[0m 37ms/step - accuracy: 0.3141 - loss: 2.3550
[1m106/665[0m [32m===[0m[37m=================[0m [1m20s[0m 37ms/step - accuracy: 0.3166 - loss: 2.3466
[1m108/665[0m [32m===[0m[37m=================[0m [1m20s[0m 37ms/step - accuracy: 0.3191 - loss: 2.3383
[1m110/665[0m [32m===[0m[37m=================[0m [1m20s[0m 37ms/step - accuracy: 0.3216 - loss: 2.3301
[1m112/665[0m [32m===[0m[37m=================[0m [1m20s[0m 37ms/step - accuracy: 0.3240 - loss: 2.3220
[1m114/665[0m [32m===[0m[37m=================[0m [1m20s[0m 37ms/step - accuracy: 0.3264 - loss: 2.3141
[1m116/665[0m [32m===[0m[37m=================[0m [1m20s[0m 37ms/step - accuracy: 0.3288 - loss: 2.3062
[1m118/665[0m [32m===[0m[37m=================[0m [1m20s[0m 37ms/step - accuracy: 0.3311 - loss: 2.2985
[1m119/665[0m [32m===[0m[37m=================[0m [1m20s[0m 37ms/step - accuracy: 0.3322 - loss: 2.2947
[1m121/665[0m [32m===[0m[37m=================[0m [1m20s[0m 37ms/step - accuracy: 0.3345 - loss: 2.2872
[1m123/665[0m [32m===[0m[37m=================[0m [1m20s[0m 37ms/step - accuracy: 0.3367 - loss: 2.2798
[1m125/665[0m [32m===[0m[37m=================[0m [1m20s[0m 37ms/step - accuracy: 0.3390 - loss: 2.2724
[1m127/665[0m [32m===[0m[37m=================[0m [1m20s[0m 37ms/step - accuracy: 0.3412 - loss: 2.2652
[1m129/665[0m [32m===[0m[37m=================[0m [1m19s[0m 37ms/step - accuracy: 0.3434 - loss: 2.2580
[1m131/665[0m [32m===[0m[37m=================[0m [1m19s[0m 37ms/step - accuracy: 0.3455 - loss: 2.2509
[1m133/665[0m [32m====[0m[37m================[0m [1m19s[0m 37ms/step - accuracy: 0.3477 - loss: 2.2438
[1m135/665[0m [32m====[0m[37m================[0m [1m19s[0m 37ms/step - accuracy: 0.3499 - loss: 2.2368
[1m137/665[0m [32m====[0m[37m================[0m [1m19s[0m 37ms/step - accuracy: 0.3520 - loss: 2.2298
[1m139/665[0m [32m====[0m[37m================[0m [1m19s[0m 37ms/step - accuracy: 0.3541 - loss: 2.2229
[1m141/665[0m [32m====[0m[37m================[0m [1m19s[0m 37ms/step - accuracy: 0.3562 - loss: 2.2161
[1m143/665[0m [32m====[0m[37m================[0m [1m19s[0m 37ms/step - accuracy: 0.3583 - loss: 2.2093
[1m145/665[0m [32m====[0m[37m================[0m [1m19s[0m 37ms/step - accuracy: 0.3604 - loss: 2.2025
[1m147/665[0m [32m====[0m[37m================[0m [1m19s[0m 37ms/step - accuracy: 0.3624 - loss: 2.1959
[1m149/665[0m [32m====[0m[37m================[0m [1m19s[0m 37ms/step - accuracy: 0.3645 - loss: 2.1893
[1m151/665[0m [32m====[0m[37m================[0m [1m18s[0m 37ms/step - accuracy: 0.3665 - loss: 2.1829
[1m153/665[0m [32m====[0m[37m================[0m [1m18s[0m 37ms/step - accuracy: 0.3684 - loss: 2.1765
[1m155/665[0m [32m====[0m[37m================[0m [1m18s[0m 37ms/step - accuracy: 0.3704 - loss: 2.1702
[1m157/665[0m [32m====[0m[37m================[0m [1m18s[0m 37ms/step - accuracy: 0.3723 - loss: 2.1640
[1m159/665[0m [32m====[0m[37m================[0m [1m18s[0m 37ms/step - accuracy: 0.3742 - loss: 2.1578
[1m161/665[0m [32m====[0m[37m================[0m [1m18s[0m 37ms/step - accuracy: 0.3761 - loss: 2.1517
[1m163/665[0m [32m====[0m[37m================[0m [1m18s[0m 37ms/step - accuracy: 0.3780 - loss: 2.1456
[1m165/665[0m [32m====[0m[37m================[0m [1m18s[0m 37ms/step - accuracy: 0.3798 - loss: 2.1397
[1m167/665[0m [32m=====[0m[37m===============[0m [1m18s[0m 37ms/step - accuracy: 0.3816 - loss: 2.1338
[1m169/665[0m [32m=====[0m[37m===============[0m [1m18s[0m 37ms/step - accuracy: 0.3834 - loss: 2.1279
[1m171/665[0m [32m=====[0m[37m===============[0m [1m18s[0m 37ms/step - accuracy: 0.3852 - loss: 2.1221
[1m173/665[0m [32m=====[0m[37m===============[0m [1m18s[0m 37ms/step - accuracy: 0.3870 - loss: 2.1163
[1m175/665[0m [32m=====[0m[37m===============[0m [1m17s[0m 37ms/step - accuracy: 0.3887 - loss: 2.1105
[1m177/665[0m [32m=====[0m[37m===============[0m [1m17s[0m 37ms/step - accuracy: 0.3905 - loss: 2.1048
[1m179/665[0m [32m=====[0m[37m===============[0m [1m17s[0m 37ms/step - accuracy: 0.3922 - loss: 2.0992
[1m181/665[0m [32m=====[0m[37m===============[0m [1m17s[0m 37ms/step - accuracy: 0.3939 - loss: 2.0936
[1m183/665[0m [32m=====[0m[37m===============[0m [1m17s[0m 37ms/step - accuracy: 0.3956 - loss: 2.0880
[1m185/665[0m [32m=====[0m[37m===============[0m [1m17s[0m 37ms/step - accuracy: 0.3973 - loss: 2.0826
[1m187/665[0m [32m=====[0m[37m===============[0m [1m17s[0m 37ms/step - accuracy: 0.3990 - loss: 2.0771
[1m189/665[0m [32m=====[0m[37m===============[0m [1m17s[0m 37ms/step - accuracy: 0.4006 - loss: 2.0717
[1m191/665[0m [32m=====[0m[37m===============[0m [1m17s[0m 37ms/step - accuracy: 0.4023 - loss: 2.0663
[1m193/665[0m [32m=====[0m[37m===============[0m [1m17s[0m 37ms/step - accuracy: 0.4039 - loss: 2.0610
[1m195/665[0m [32m=====[0m[37m===============[0m [1m17s[0m 37ms/step - accuracy: 0.4055 - loss: 2.0557
[1m197/665[0m [32m=====[0m[37m===============[0m [1m17s[0m 37ms/step - accuracy: 0.4071 - loss: 2.0505
[1m199/665[0m [32m=====[0m[37m===============[0m [1m17s[0m 37ms/step - accuracy: 0.4088 - loss: 2.0452
[1m201/665[0m [32m======[0m[37m==============[0m [1m17s[0m 37ms/step - accuracy: 0.4103 - loss: 2.0401
[1m202/665[0m [32m======[0m[37m==============[0m [1m17s[0m 37ms/step - accuracy: 0.4111 - loss: 2.0375
[1m204/665[0m [32m======[0m[37m==============[0m [1m16s[0m 37ms/step - accuracy: 0.4127 - loss: 2.0324
[1m206/665[0m [32m======[0m[37m==============[0m [1m16s[0m 37ms/step - accuracy: 0.4142 - loss: 2.0273
[1m208/665[0m [32m======[0m[37m==============[0m [1m16s[0m 37ms/step - accuracy: 0.4158 - loss: 2.0223
[1m210/665[0m [32m======[0m[37m==============[0m [1m16s[0m 37ms/step - accuracy: 0.4173 - loss: 2.0173
[1m212/665[0m [32m======[0m[37m==============[0m [1m16s[0m 37ms/step - accuracy: 0.4189 - loss: 2.0123
[1m214/665[0m [32m======[0m[37m==============[0m [1m16s[0m 37ms/step - accuracy: 0.4204 - loss: 2.0073
[1m216/665[0m [32m======[0m[37m==============[0m [1m16s[0m 37ms/step - accuracy: 0.4219 - loss: 2.0025
[1m218/665[0m [32m======[0m[37m==============[0m [1m16s[0m 37ms/step - accuracy: 0.4234 - loss: 1.9976
[1m220/665[0m [32m======[0m[37m==============[0m [1m16s[0m 37ms/step - accuracy: 0.4248 - loss: 1.9928
[1m222/665[0m [32m======[0m[37m==============[0m [1m16s[0m 37ms/step - accuracy: 0.4263 - loss: 1.9881
[1m224/665[0m [32m======[0m[37m==============[0m [1m16s[0m 37ms/step - accuracy: 0.4278 - loss: 1.9834
[1m226/665[0m [32m======[0m[37m==============[0m [1m16s[0m 37ms/step - accuracy: 0.4292 - loss: 1.9787
[1m228/665[0m [32m======[0m[37m==============[0m [1m16s[0m 37ms/step - accuracy: 0.4306 - loss: 1.9740
[1m230/665[0m [32m======[0m[37m==============[0m [1m16s[0m 37ms/step - accuracy: 0.4320 - loss: 1.9695
[1m232/665[0m [32m======[0m[37m==============[0m [1m15s[0m 37ms/step - accuracy: 0.4334 - loss: 1.9649
[1m234/665[0m [32m=======[0m[37m=============[0m [1m15s[0m 37ms/step - accuracy: 0.4348 - loss: 1.9604
[1m236/665[0m [32m=======[0m[37m=============[0m [1m15s[0m 37ms/step - accuracy: 0.4362 - loss: 1.9559
[1m238/665[0m [32m=======[0m[37m=============[0m [1m15s[0m 37ms/step - accuracy: 0.4376 - loss: 1.9515
[1m240/665[0m [32m=======[0m[37m=============[0m [1m15s[0m 37ms/step - accuracy: 0.4389 - loss: 1.9470
[1m242/665[0m [32m=======[0m[37m=============[0m [1m15s[0m 37ms/step - accuracy: 0.4403 - loss: 1.9426
[1m244/665[0m [32m=======[0m[37m=============[0m [1m15s[0m 37ms/step - accuracy: 0.4416 - loss: 1.9382
[1m246/665[0m [32m=======[0m[37m=============[0m [1m15s[0m 37ms/step - accuracy: 0.4430 - loss: 1.9339
[1m248/665[0m [32m=======[0m[37m=============[0m [1m15s[0m 37ms/step - accuracy: 0.4443 - loss: 1.9295
[1m250/665[0m [32m=======[0m[37m=============[0m [1m15s[0m 37ms/step - accuracy: 0.4456 - loss: 1.9252
[1m252/665[0m [32m=======[0m[37m=============[0m [1m15s[0m 37ms/step - accuracy: 0.4469 - loss: 1.9210
[1m254/665[0m [32m=======[0m[37m=============[0m [1m15s[0m 37ms/step - accuracy: 0.4482 - loss: 1.9167
[1m256/665[0m [32m=======[0m[37m=============[0m [1m15s[0m 37ms/step - accuracy: 0.4495 - loss: 1.9125
[1m258/665[0m [32m=======[0m[37m=============[0m [1m15s[0m 37ms/step - accuracy: 0.4508 - loss: 1.9083
[1m260/665[0m [32m=======[0m[37m=============[0m [1m14s[0m 37ms/step - accuracy: 0.4520 - loss: 1.9042
[1m262/665[0m [32m=======[0m[37m=============[0m [1m14s[0m 37ms/step - accuracy: 0.4533 - loss: 1.9001
[1m264/665[0m [32m=======[0m[37m=============[0m [1m14s[0m 37ms/step - accuracy: 0.4545 - loss: 1.8960
[1m266/665[0m [32m========[0m[37m============[0m [1m14s[0m 37ms/step - accuracy: 0.4558 - loss: 1.8919
[1m268/665[0m [32m========[0m[37m============[0m [1m14s[0m 37ms/step - accuracy: 0.4570 - loss: 1.8878
[1m270/665[0m [32m========[0m[37m============[0m [1m14s[0m 37ms/step - accuracy: 0.4582 - loss: 1.8838
[1m272/665[0m [32m========[0m[37m============[0m [1m14s[0m 37ms/step - accuracy: 0.4594 - loss: 1.8799
[1m274/665[0m [32m========[0m[37m============[0m [1m14s[0m 37ms/step - accuracy: 0.4606 - loss: 1.8759
[1m276/665[0m [32m========[0m[37m============[0m [1m14s[0m 37ms/step - accuracy: 0.4618 - loss: 1.8720
[1m278/665[0m [32m========[0m[37m============[0m [1m14s[0m 37ms/step - accuracy: 0.4630 - loss: 1.8682
[1m280/665[0m [32m========[0m[37m============[0m [1m14s[0m 37ms/step - accuracy: 0.4642 - loss: 1.8643
[1m282/665[0m [32m========[0m[37m============[0m [1m14s[0m 37ms/step - accuracy: 0.4653 - loss: 1.8605
[1m284/665[0m [32m========[0m[37m============[0m [1m14s[0m 37ms/step - accuracy: 0.4665 - loss: 1.8567
[1m286/665[0m [32m========[0m[37m============[0m [1m13s[0m 37ms/step - accuracy: 0.4676 - loss: 1.8530
[1m288/665[0m [32m========[0m[37m============[0m [1m13s[0m 37ms/step - accuracy: 0.4688 - loss: 1.8492
[1m290/665[0m [32m========[0m[37m============[0m [1m13s[0m 37ms/step - accuracy: 0.4699 - loss: 1.8455
[1m292/665[0m [32m========[0m[37m============[0m [1m13s[0m 37ms/step - accuracy: 0.4710 - loss: 1.8418
[1m294/665[0m [32m========[0m[37m============[0m [1m13s[0m 37ms/step - accuracy: 0.4721 - loss: 1.8381
[1m296/665[0m [32m========[0m[37m============[0m [1m13s[0m 37ms/step - accuracy: 0.4733 - loss: 1.8344
[1m298/665[0m [32m========[0m[37m============[0m [1m13s[0m 37ms/step - accuracy: 0.4744 - loss: 1.8308
[1m300/665[0m [32m=========[0m[37m===========[0m [1m13s[0m 37ms/step - accuracy: 0.4755 - loss: 1.8272
[1m302/665[0m [32m=========[0m[37m===========[0m [1m13s[0m 37ms/step - accuracy: 0.4766 - loss: 1.8236
[1m304/665[0m [32m=========[0m[37m===========[0m [1m13s[0m 37ms/step - accuracy: 0.4776 - loss: 1.8201
[1m306/665[0m [32m=========[0m[37m===========[0m [1m13s[0m 37ms/step - accuracy: 0.4787 - loss: 1.8165
[1m308/665[0m [32m=========[0m[37m===========[0m [1m13s[0m 37ms/step - accuracy: 0.4798 - loss: 1.8130
[1m310/665[0m [32m=========[0m[37m===========[0m [1m13s[0m 37ms/step - accuracy: 0.4809 - loss: 1.8095
[1m312/665[0m [32m=========[0m[37m===========[0m [1m12s[0m 37ms/step - accuracy: 0.4819 - loss: 1.8060
[1m314/665[0m [32m=========[0m[37m===========[0m [1m12s[0m 37ms/step - accuracy: 0.4830 - loss: 1.8025
[1m316/665[0m [32m=========[0m[37m===========[0m [1m12s[0m 37ms/step - accuracy: 0.4840 - loss: 1.7991
[1m318/665[0m [32m=========[0m[37m===========[0m [1m12s[0m 37ms/step - accuracy: 0.4851 - loss: 1.7957
[1m320/665[0m [32m=========[0m[37m===========[0m [1m12s[0m 37ms/step - accuracy: 0.4861 - loss: 1.7923
[1m322/665[0m [32m=========[0m[37m===========[0m [1m12s[0m 37ms/step - accuracy: 0.4871 - loss: 1.7889
[1m324/665[0m [32m=========[0m[37m===========[0m [1m12s[0m 37ms/step - accuracy: 0.4881 - loss: 1.7856
[1m326/665[0m [32m=========[0m[37m===========[0m [1m12s[0m 37ms/step - accuracy: 0.4891 - loss: 1.7822
[1m328/665[0m [32m=========[0m[37m===========[0m [1m12s[0m 37ms/step - accuracy: 0.4901 - loss: 1.7789
[1m330/665[0m [32m=========[0m[37m===========[0m [1m12s[0m 37ms/step - accuracy: 0.4911 - loss: 1.7757
[1m332/665[0m [32m=========[0m[37m===========[0m [1m12s[0m 37ms/step - accuracy: 0.4921 - loss: 1.7724
[1m334/665[0m [32m==========[0m[37m==========[0m [1m12s[0m 37ms/step - accuracy: 0.4931 - loss: 1.7692
[1m336/665[0m [32m==========[0m[37m==========[0m [1m12s[0m 37ms/step - accuracy: 0.4941 - loss: 1.7659
[1m338/665[0m [32m==========[0m[37m==========[0m [1m11s[0m 37ms/step - accuracy: 0.4951 - loss: 1.7627
[1m340/665[0m [32m==========[0m[37m==========[0m [1m11s[0m 37ms/step - accuracy: 0.4960 - loss: 1.7596
[1m342/665[0m [32m==========[0m[37m==========[0m [1m11s[0m 37ms/step - accuracy: 0.4970 - loss: 1.7564
[1m344/665[0m [32m==========[0m[37m==========[0m [1m11s[0m 37ms/step - accuracy: 0.4980 - loss: 1.7533
[1m346/665[0m [32m==========[0m[37m==========[0m [1m11s[0m 37ms/step - accuracy: 0.4989 - loss: 1.7501
[1m348/665[0m [32m==========[0m[37m==========[0m [1m11s[0m 37ms/step - accuracy: 0.4999 - loss: 1.7470
[1m350/665[0m [32m==========[0m[37m==========[0m [1m11s[0m 37ms/step - accuracy: 0.5008 - loss: 1.7439
[1m352/665[0m [32m==========[0m[37m==========[0m [1m11s[0m 37ms/step - accuracy: 0.5017 - loss: 1.7408
[1m354/665[0m [32m==========[0m[37m==========[0m [1m11s[0m 37ms/step - accuracy: 0.5027 - loss: 1.7378
[1m356/665[0m [32m==========[0m[37m==========[0m [1m11s[0m 37ms/step - accuracy: 0.5036 - loss: 1.7347
[1m358/665[0m [32m==========[0m[37m==========[0m [1m11s[0m 37ms/step - accuracy: 0.5045 - loss: 1.7317
[1m360/665[0m [32m==========[0m[37m==========[0m [1m11s[0m 37ms/step - accuracy: 0.5054 - loss: 1.7287
[1m362/665[0m [32m==========[0m[37m==========[0m [1m11s[0m 37ms/step - accuracy: 0.5063 - loss: 1.7257
[1m364/665[0m [32m==========[0m[37m==========[0m [1m11s[0m 37ms/step - accuracy: 0.5072 - loss: 1.7227
[1m366/665[0m [32m===========[0m[37m=========[0m [1m10s[0m 37ms/step - accuracy: 0.5081 - loss: 1.7197
[1m368/665[0m [32m===========[0m[37m=========[0m [1m10s[0m 37ms/step - accuracy: 0.5090 - loss: 1.7168
[1m370/665[0m [32m===========[0m[37m=========[0m [1m10s[0m 37ms/step - accuracy: 0.5099 - loss: 1.7139
[1m372/665[0m [32m===========[0m[37m=========[0m [1m10s[0m 37ms/step - accuracy: 0.5108 - loss: 1.7109
[1m374/665[0m [32m===========[0m[37m=========[0m [1m10s[0m 37ms/step - accuracy: 0.5117 - loss: 1.7080
[1m376/665[0m [32m===========[0m[37m=========[0m [1m10s[0m 37ms/step - accuracy: 0.5126 - loss: 1.7052
[1m378/665[0m [32m===========[0m[37m=========[0m [1m10s[0m 37ms/step - accuracy: 0.5134 - loss: 1.7023
[1m380/665[0m [32m===========[0m[37m=========[0m [1m10s[0m 37ms/step - accuracy: 0.5143 - loss: 1.6995
[1m382/665[0m [32m===========[0m[37m=========[0m [1m10s[0m 37ms/step - accuracy: 0.5152 - loss: 1.6966
[1m384/665[0m [32m===========[0m[37m=========[0m [1m10s[0m 37ms/step - accuracy: 0.5160 - loss: 1.6938
[1m386/665[0m [32m===========[0m[37m=========[0m [1m10s[0m 37ms/step - accuracy: 0.5169 - loss: 1.6910
[1m388/665[0m [32m===========[0m[37m=========[0m [1m10s[0m 37ms/step - accuracy: 0.5177 - loss: 1.6883
[1m390/665[0m [32m===========[0m[37m=========[0m [1m10s[0m 37ms/step - accuracy: 0.5185 - loss: 1.6855
[1m392/665[0m [32m===========[0m[37m=========[0m [1m10s[0m 37ms/step - accuracy: 0.5194 - loss: 1.6828
[1m394/665[0m [32m===========[0m[37m=========[0m [1m9s[0m 37ms/step - accuracy: 0.5202 - loss: 1.6800 
[1m396/665[0m [32m===========[0m[37m=========[0m [1m9s[0m 37ms/step - accuracy: 0.5210 - loss: 1.6773
[1m398/665[0m [32m===========[0m[37m=========[0m [1m9s[0m 37ms/step - accuracy: 0.5218 - loss: 1.6746
[1m400/665[0m [32m============[0m[37m========[0m [1m9s[0m 37ms/step - accuracy: 0.5226 - loss: 1.6719
[1m402/665[0m [32m============[0m[37m========[0m [1m9s[0m 37ms/step - accuracy: 0.5234 - loss: 1.6692
[1m404/665[0m [32m============[0m[37m========[0m [1m9s[0m 37ms/step - accuracy: 0.5242 - loss: 1.6666
[1m406/665[0m [32m============[0m[37m========[0m [1m9s[0m 37ms/step - accuracy: 0.5250 - loss: 1.6639
[1m408/665[0m [32m============[0m[37m========[0m [1m9s[0m 37ms/step - accuracy: 0.5258 - loss: 1.6613
[1m410/665[0m [32m============[0m[37m========[0m [1m9s[0m 37ms/step - accuracy: 0.5266 - loss: 1.6587
[1m412/665[0m [32m============[0m[37m========[0m [1m9s[0m 37ms/step - accuracy: 0.5274 - loss: 1.6561
[1m414/665[0m [32m============[0m[37m========[0m [1m9s[0m 37ms/step - accuracy: 0.5282 - loss: 1.6535
[1m416/665[0m [32m============[0m[37m========[0m [1m9s[0m 37ms/step - accuracy: 0.5289 - loss: 1.6509
[1m418/665[0m [32m============[0m[37m========[0m [1m9s[0m 37ms/step - accuracy: 0.5297 - loss: 1.6483
[1m420/665[0m [32m============[0m[37m========[0m [1m8s[0m 37ms/step - accuracy: 0.5305 - loss: 1.6458
[1m422/665[0m [32m============[0m[37m========[0m [1m8s[0m 37ms/step - accuracy: 0.5312 - loss: 1.6432
[1m424/665[0m [32m============[0m[37m========[0m [1m8s[0m 37ms/step - accuracy: 0.5320 - loss: 1.6407
[1m426/665[0m [32m============[0m[37m========[0m [1m8s[0m 37ms/step - accuracy: 0.5327 - loss: 1.6382
[1m428/665[0m [32m============[0m[37m========[0m [1m8s[0m 37ms/step - accuracy: 0.5335 - loss: 1.6357
[1m430/665[0m [32m============[0m[37m========[0m [1m8s[0m 37ms/step - accuracy: 0.5342 - loss: 1.6332
[1m432/665[0m [32m============[0m[37m========[0m [1m8s[0m 37ms/step - accuracy: 0.5350 - loss: 1.6308
[1m434/665[0m [32m=============[0m[37m=======[0m [1m8s[0m 37ms/step - accuracy: 0.5357 - loss: 1.6283
[1m436/665[0m [32m=============[0m[37m=======[0m [1m8s[0m 37ms/step - accuracy: 0.5364 - loss: 1.6258
[1m438/665[0m [32m=============[0m[37m=======[0m [1m8s[0m 37ms/step - accuracy: 0.5371 - loss: 1.6234
[1m440/665[0m [32m=============[0m[37m=======[0m [1m8s[0m 37ms/step - accuracy: 0.5379 - loss: 1.6210
[1m442/665[0m [32m=============[0m[37m=======[0m [1m8s[0m 37ms/step - accuracy: 0.5386 - loss: 1.6185
[1m444/665[0m [32m=============[0m[37m=======[0m [1m8s[0m 37ms/step - accuracy: 0.5393 - loss: 1.6161
[1m446/665[0m [32m=============[0m[37m=======[0m [1m8s[0m 37ms/step - accuracy: 0.5400 - loss: 1.6137
[1m448/665[0m [32m=============[0m[37m=======[0m [1m7s[0m 37ms/step - accuracy: 0.5407 - loss: 1.6113
[1m450/665[0m [32m=============[0m[37m=======[0m [1m7s[0m 37ms/step - accuracy: 0.5414 - loss: 1.6090
[1m452/665[0m [32m=============[0m[37m=======[0m [1m7s[0m 37ms/step - accuracy: 0.5422 - loss: 1.6066
[1m454/665[0m [32m=============[0m[37m=======[0m [1m7s[0m 37ms/step - accuracy: 0.5429 - loss: 1.6042
[1m456/665[0m [32m=============[0m[37m=======[0m [1m7s[0m 37ms/step - accuracy: 0.5436 - loss: 1.6019
[1m458/665[0m [32m=============[0m[37m=======[0m [1m7s[0m 37ms/step - accuracy: 0.5442 - loss: 1.5996
[1m460/665[0m [32m=============[0m[37m=======[0m [1m7s[0m 37ms/step - accuracy: 0.5449 - loss: 1.5972
[1m462/665[0m [32m=============[0m[37m=======[0m [1m7s[0m 37ms/step - accuracy: 0.5456 - loss: 1.5949
[1m464/665[0m [32m=============[0m[37m=======[0m [1m7s[0m 37ms/step - accuracy: 0.5463 - loss: 1.5926
[1m466/665[0m [32m==============[0m[37m======[0m [1m7s[0m 37ms/step - accuracy: 0.5470 - loss: 1.5903
[1m468/665[0m [32m==============[0m[37m======[0m [1m7s[0m 37ms/step - accuracy: 0.5477 - loss: 1.5881
[1m470/665[0m [32m==============[0m[37m======[0m [1m7s[0m 37ms/step - accuracy: 0.5484 - loss: 1.5858
[1m472/665[0m [32m==============[0m[37m======[0m [1m7s[0m 37ms/step - accuracy: 0.5490 - loss: 1.5835
[1m474/665[0m [32m==============[0m[37m======[0m [1m7s[0m 37ms/step - accuracy: 0.5497 - loss: 1.5813
[1m476/665[0m [32m==============[0m[37m======[0m [1m6s[0m 37ms/step - accuracy: 0.5504 - loss: 1.5790
[1m478/665[0m [32m==============[0m[37m======[0m [1m6s[0m 37ms/step - accuracy: 0.5510 - loss: 1.5768
[1m480/665[0m [32m==============[0m[37m======[0m [1m6s[0m 37ms/step - accuracy: 0.5517 - loss: 1.5746
[1m482/665[0m [32m==============[0m[37m======[0m [1m6s[0m 37ms/step - accuracy: 0.5523 - loss: 1.5724
[1m484/665[0m [32m==============[0m[37m======[0m [1m6s[0m 37ms/step - accuracy: 0.5530 - loss: 1.5702
[1m486/665[0m [32m==============[0m[37m======[0m [1m6s[0m 37ms/step - accuracy: 0.5537 - loss: 1.5680
[1m488/665[0m [32m==============[0m[37m======[0m [1m6s[0m 37ms/step - accuracy: 0.5543 - loss: 1.5658
[1m490/665[0m [32m==============[0m[37m======[0m [1m6s[0m 37ms/step - accuracy: 0.5549 - loss: 1.5636
[1m492/665[0m [32m==============[0m[37m======[0m [1m6s[0m 37ms/step - accuracy: 0.5556 - loss: 1.5615
[1m494/665[0m [32m==============[0m[37m======[0m [1m6s[0m 37ms/step - accuracy: 0.5562 - loss: 1.5593
[1m496/665[0m [32m==============[0m[37m======[0m [1m6s[0m 37ms/step - accuracy: 0.5569 - loss: 1.5572
[1m498/665[0m [32m==============[0m[37m======[0m [1m6s[0m 37ms/step - accuracy: 0.5575 - loss: 1.5551
[1m500/665[0m [32m===============[0m[37m=====[0m [1m6s[0m 37ms/step - accuracy: 0.5581 - loss: 1.5530
[1m502/665[0m [32m===============[0m[37m=====[0m [1m5s[0m 37ms/step - accuracy: 0.5588 - loss: 1.5508
[1m504/665[0m [32m===============[0m[37m=====[0m [1m5s[0m 37ms/step - accuracy: 0.5594 - loss: 1.5487
[1m506/665[0m [32m===============[0m[37m=====[0m [1m5s[0m 37ms/step - accuracy: 0.5600 - loss: 1.5467
[1m508/665[0m [32m===============[0m[37m=====[0m [1m5s[0m 37ms/step - accuracy: 0.5606 - loss: 1.5446
[1m510/665[0m [32m===============[0m[37m=====[0m [1m5s[0m 37ms/step - accuracy: 0.5612 - loss: 1.5425
[1m512/665[0m [32m===============[0m[37m=====[0m [1m5s[0m 37ms/step - accuracy: 0.5619 - loss: 1.5404
[1m514/665[0m [32m===============[0m[37m=====[0m [1m5s[0m 37ms/step - accuracy: 0.5625 - loss: 1.5384
[1m516/665[0m [32m===============[0m[37m=====[0m [1m5s[0m 37ms/step - accuracy: 0.5631 - loss: 1.5363
[1m518/665[0m [32m===============[0m[37m=====[0m [1m5s[0m 37ms/step - accuracy: 0.5637 - loss: 1.5343
[1m520/665[0m [32m===============[0m[37m=====[0m [1m5s[0m 37ms/step - accuracy: 0.5643 - loss: 1.5322
[1m522/665[0m [32m===============[0m[37m=====[0m [1m5s[0m 37ms/step - accuracy: 0.5649 - loss: 1.5302
[1m524/665[0m [32m===============[0m[37m=====[0m [1m5s[0m 37ms/step - accuracy: 0.5655 - loss: 1.5282
[1m526/665[0m [32m===============[0m[37m=====[0m [1m5s[0m 37ms/step - accuracy: 0.5661 - loss: 1.5262
[1m528/665[0m [32m===============[0m[37m=====[0m [1m5s[0m 37ms/step - accuracy: 0.5667 - loss: 1.5242
[1m530/665[0m [32m===============[0m[37m=====[0m [1m4s[0m 37ms/step - accuracy: 0.5673 - loss: 1.5222
[1m532/665[0m [32m================[0m[37m====[0m [1m4s[0m 37ms/step - accuracy: 0.5679 - loss: 1.5202
[1m534/665[0m [32m================[0m[37m====[0m [1m4s[0m 37ms/step - accuracy: 0.5685 - loss: 1.5183
[1m536/665[0m [32m================[0m[37m====[0m [1m4s[0m 37ms/step - accuracy: 0.5690 - loss: 1.5163
[1m538/665[0m [32m================[0m[37m====[0m [1m4s[0m 37ms/step - accuracy: 0.5696 - loss: 1.5144
[1m540/665[0m [32m================[0m[37m====[0m [1m4s[0m 37ms/step - accuracy: 0.5702 - loss: 1.5124
[1m542/665[0m [32m================[0m[37m====[0m [1m4s[0m 37ms/step - accuracy: 0.5708 - loss: 1.5105
[1m544/665[0m [32m================[0m[37m====[0m [1m4s[0m 37ms/step - accuracy: 0.5713 - loss: 1.5086
[1m546/665[0m [32m================[0m[37m====[0m [1m4s[0m 37ms/step - accuracy: 0.5719 - loss: 1.5067
[1m548/665[0m [32m================[0m[37m====[0m [1m4s[0m 37ms/step - accuracy: 0.5725 - loss: 1.5048
[1m550/665[0m [32m================[0m[37m====[0m [1m4s[0m 37ms/step - accuracy: 0.5730 - loss: 1.5029
[1m552/665[0m [32m================[0m[37m====[0m [1m4s[0m 37ms/step - accuracy: 0.5736 - loss: 1.5010
[1m554/665[0m [32m================[0m[37m====[0m [1m4s[0m 37ms/step - accuracy: 0.5741 - loss: 1.4991
[1m556/665[0m [32m================[0m[37m====[0m [1m4s[0m 37ms/step - accuracy: 0.5747 - loss: 1.4972
[1m558/665[0m [32m================[0m[37m====[0m [1m3s[0m 37ms/step - accuracy: 0.5752 - loss: 1.4954
[1m560/665[0m [32m================[0m[37m====[0m [1m3s[0m 37ms/step - accuracy: 0.5758 - loss: 1.4935
[1m562/665[0m [32m================[0m[37m====[0m [1m3s[0m 37ms/step - accuracy: 0.5763 - loss: 1.4917
[1m564/665[0m [32m================[0m[37m====[0m [1m3s[0m 37ms/step - accuracy: 0.5769 - loss: 1.4898
[1m566/665[0m [32m=================[0m[37m===[0m [1m3s[0m 37ms/step - accuracy: 0.5774 - loss: 1.4880
[1m568/665[0m [32m=================[0m[37m===[0m [1m3s[0m 37ms/step - accuracy: 0.5780 - loss: 1.4862
[1m570/665[0m [32m=================[0m[37m===[0m [1m3s[0m 37ms/step - accuracy: 0.5785 - loss: 1.4844
[1m572/665[0m [32m=================[0m[37m===[0m [1m3s[0m 37ms/step - accuracy: 0.5791 - loss: 1.4826
[1m574/665[0m [32m=================[0m[37m===[0m [1m3s[0m 37ms/step - accuracy: 0.5796 - loss: 1.4808
[1m576/665[0m [32m=================[0m[37m===[0m [1m3s[0m 37ms/step - accuracy: 0.5801 - loss: 1.4790
[1m578/665[0m [32m=================[0m[37m===[0m [1m3s[0m 37ms/step - accuracy: 0.5807 - loss: 1.4772
[1m580/665[0m [32m=================[0m[37m===[0m [1m3s[0m 37ms/step - accuracy: 0.5812 - loss: 1.4754
[1m582/665[0m [32m=================[0m[37m===[0m [1m3s[0m 37ms/step - accuracy: 0.5817 - loss: 1.4736
[1m584/665[0m [32m=================[0m[37m===[0m [1m2s[0m 37ms/step - accuracy: 0.5822 - loss: 1.4719
[1m586/665[0m [32m=================[0m[37m===[0m [1m2s[0m 37ms/step - accuracy: 0.5828 - loss: 1.4701
[1m588/665[0m [32m=================[0m[37m===[0m [1m2s[0m 37ms/step - accuracy: 0.5833 - loss: 1.4683
[1m590/665[0m [32m=================[0m[37m===[0m [1m2s[0m 37ms/step - accuracy: 0.5838 - loss: 1.4666
[1m592/665[0m [32m=================[0m[37m===[0m [1m2s[0m 37ms/step - accuracy: 0.5843 - loss: 1.4648
[1m594/665[0m [32m=================[0m[37m===[0m [1m2s[0m 37ms/step - accuracy: 0.5848 - loss: 1.4631
[1m596/665[0m [32m=================[0m[37m===[0m [1m2s[0m 37ms/step - accuracy: 0.5854 - loss: 1.4614
[1m598/665[0m [32m=================[0m[37m===[0m [1m2s[0m 37ms/step - accuracy: 0.5859 - loss: 1.4597
[1m600/665[0m [32m==================[0m[37m==[0m [1m2s[0m 37ms/step - accuracy: 0.5864 - loss: 1.4579
[1m602/665[0m [32m==================[0m[37m==[0m [1m2s[0m 37ms/step - accuracy: 0.5869 - loss: 1.4562
[1m604/665[0m [32m==================[0m[37m==[0m [1m2s[0m 37ms/step - accuracy: 0.5874 - loss: 1.4545
[1m606/665[0m [32m==================[0m[37m==[0m [1m2s[0m 37ms/step - accuracy: 0.5879 - loss: 1.4528
[1m608/665[0m [32m==================[0m[37m==[0m [1m2s[0m 37ms/step - accuracy: 0.5884 - loss: 1.4511
[1m610/665[0m [32m==================[0m[37m==[0m [1m2s[0m 37ms/step - accuracy: 0.5889 - loss: 1.4495
[1m612/665[0m [32m==================[0m[37m==[0m [1m1s[0m 37ms/step - accuracy: 0.5894 - loss: 1.4478
[1m614/665[0m [32m==================[0m[37m==[0m [1m1s[0m 37ms/step - accuracy: 0.5899 - loss: 1.4461
[1m616/665[0m [32m==================[0m[37m==[0m [1m1s[0m 37ms/step - accuracy: 0.5904 - loss: 1.4445
[1m618/665[0m [32m==================[0m[37m==[0m [1m1s[0m 37ms/step - accuracy: 0.5909 - loss: 1.4428
[1m620/665[0m [32m==================[0m[37m==[0m [1m1s[0m 37ms/step - accuracy: 0.5914 - loss: 1.4412
[1m622/665[0m [32m==================[0m[37m==[0m [1m1s[0m 37ms/step - accuracy: 0.5919 - loss: 1.4395
[1m624/665[0m [32m==================[0m[37m==[0m [1m1s[0m 37ms/step - accuracy: 0.5924 - loss: 1.4379
[1m626/665[0m [32m==================[0m[37m==[0m [1m1s[0m 37ms/step - accuracy: 0.5928 - loss: 1.4362
[1m628/665[0m [32m==================[0m[37m==[0m [1m1s[0m 37ms/step - accuracy: 0.5933 - loss: 1.4346
[1m630/665[0m [32m==================[0m[37m==[0m [1m1s[0m 37ms/step - accuracy: 0.5938 - loss: 1.4330
[1m632/665[0m [32m===================[0m[37m=[0m [1m1s[0m 37ms/step - accuracy: 0.5943 - loss: 1.4314
[1m634/665[0m [32m===================[0m[37m=[0m [1m1s[0m 37ms/step - accuracy: 0.5948 - loss: 1.4298
[1m636/665[0m [32m===================[0m[37m=[0m [1m1s[0m 37ms/step - accuracy: 0.5952 - loss: 1.4282
[1m638/665[0m [32m===================[0m[37m=[0m [1m0s[0m 37ms/step - accuracy: 0.5957 - loss: 1.4266
[1m640/665[0m [32m===================[0m[37m=[0m [1m0s[0m 37ms/step - accuracy: 0.5962 - loss: 1.4250
[1m642/665[0m [32m===================[0m[37m=[0m [1m0s[0m 37ms/step - accuracy: 0.5967 - loss: 1.4234
[1m644/665[0m [32m===================[0m[37m=[0m [1m0s[0m 37ms/step - accuracy: 0.5971 - loss: 1.4218
[1m646/665[0m [32m===================[0m[37m=[0m [1m0s[0m 37ms/step - accuracy: 0.5976 - loss: 1.4203
[1m648/665[0m [32m===================[0m[37m=[0m [1m0s[0m 37ms/step - accuracy: 0.5981 - loss: 1.4187
[1m650/665[0m [32m===================[0m[37m=[0m [1m0s[0m 37ms/step - accuracy: 0.5985 - loss: 1.4172
[1m652/665[0m [32m===================[0m[37m=[0m [1m0s[0m 37ms/step - accuracy: 0.5990 - loss: 1.4156
[1m654/665[0m [32m===================[0m[37m=[0m [1m0s[0m 37ms/step - accuracy: 0.5995 - loss: 1.4141
[1m656/665[0m [32m===================[0m[37m=[0m [1m0s[0m 37ms/step - accuracy: 0.5999 - loss: 1.4125
[1m658/665[0m [32m===================[0m[37m=[0m [1m0s[0m 37ms/step - accuracy: 0.6004 - loss: 1.4110
[1m660/665[0m [32m===================[0m[37m=[0m [1m0s[0m 37ms/step - accuracy: 0.6008 - loss: 1.4095
[1m662/665[0m [32m===================[0m[37m=[0m [1m0s[0m 37ms/step - accuracy: 0.6013 - loss: 1.4079
[1m664/665[0m [32m===================[0m[37m=[0m [1m0s[0m 37ms/step - accuracy: 0.6017 - loss: 1.4064
[1m665/665[0m [32m====================[0m[37m[0m [1m33s[0m 41ms/step - accuracy: 0.6022 - loss: 1.4049 - val_accuracy: 0.9607 - val_loss: 0.1803 - learning_rate: 0.0010
Epoch 2/20

[1m  1/665[0m [37m====================[0m [1m31s[0m 48ms/step - accuracy: 0.9688 - loss: 0.2928
[1m  3/665[0m [37m====================[0m [1m23s[0m 35ms/step - accuracy: 0.9444 - loss: 0.4028
[1m  5/665[0m [37m====================[0m [1m23s[0m 36ms/step - accuracy: 0.9417 - loss: 0.4192
[1m  7/665[0m [37m====================[0m [1m23s[0m 36ms/step - accuracy: 0.9397 - loss: 0.4284
[1m  9/665[0m [37m====================[0m [1m22s[0m 35ms/step - accuracy: 0.9381 - loss: 0.4295
[1m 11/665[0m [37m====================[0m [1m22s[0m 35ms/step - accuracy: 0.9355 - loss: 0.4296
[1m 13/665[0m [37m====================[0m [1m22s[0m 35ms/step - accuracy: 0.9335 - loss: 0.4320
[1m 15/665[0m [37m====================[0m [1m22s[0m 34ms/step - accuracy: 0.9311 - loss: 0.4367
[1m 17/665[0m [37m====================[0m [1m22s[0m 34ms/step - accuracy: 0.9282 - loss: 0.4429
[1m 19/665[0m [37m====================[0m [1m22s[0m 34ms/step - accuracy: 0.9258 - loss: 0.4486
[1m 21/665[0m [37m====================[0m [1m22s[0m 34ms/step - accuracy: 0.9238 - loss: 0.4527
[1m 23/665[0m [37m====================[0m [1m21s[0m 34ms/step - accuracy: 0.9218 - loss: 0.4567
[1m 25/665[0m [37m====================[0m [1m21s[0m 34ms/step - accuracy: 0.9199 - loss: 0.4609
[1m 27/665[0m [37m====================[0m [1m21s[0m 34ms/step - accuracy: 0.9181 - loss: 0.4659
[1m 29/665[0m [37m====================[0m [1m21s[0m 34ms/step - accuracy: 0.9164 - loss: 0.4703
[1m 31/665[0m [37m====================[0m [1m21s[0m 34ms/step - accuracy: 0.9148 - loss: 0.4736
[1m 33/665[0m [37m====================[0m [1m21s[0m 35ms/step - accuracy: 0.9136 - loss: 0.4759
[1m 35/665[0m [32m=[0m[37m===================[0m [1m21s[0m 35ms/step - accuracy: 0.9124 - loss: 0.4776
[1m 37/665[0m [32m=[0m[37m===================[0m [1m21s[0m 35ms/step - accuracy: 0.9114 - loss: 0.4790
[1m 39/665[0m [32m=[0m[37m===================[0m [1m21s[0m 35ms/step - accuracy: 0.9103 - loss: 0.4806
[1m 41/665[0m [32m=[0m[37m===================[0m [1m21s[0m 35ms/step - accuracy: 0.9093 - loss: 0.4818
[1m 43/665[0m [32m=[0m[37m===================[0m [1m21s[0m 35ms/step - accuracy: 0.9086 - loss: 0.4826
[1m 45/665[0m [32m=[0m[37m===================[0m [1m21s[0m 35ms/step - accuracy: 0.9079 - loss: 0.4833
[1m 47/665[0m [32m=[0m[37m===================[0m [1m21s[0m 35ms/step - accuracy: 0.9072 - loss: 0.4842
[1m 49/665[0m [32m=[0m[37m===================[0m [1m21s[0m 35ms/step - accuracy: 0.9064 - loss: 0.4852
[1m 51/665[0m [32m=[0m[37m===================[0m [1m21s[0m 35ms/step - accuracy: 0.9056 - loss: 0.4861
[1m 53/665[0m [32m=[0m[37m===================[0m [1m21s[0m 35ms/step - accuracy: 0.9049 - loss: 0.4869
[1m 55/665[0m [32m=[0m[37m===================[0m [1m21s[0m 35ms/step - accuracy: 0.9042 - loss: 0.4877
[1m 57/665[0m [32m=[0m[37m===================[0m [1m21s[0m 35ms/step - accuracy: 0.9035 - loss: 0.4885
[1m 59/665[0m [32m=[0m[37m===================[0m [1m21s[0m 35ms/step - accuracy: 0.9028 - loss: 0.4892
[1m 61/665[0m [32m=[0m[37m===================[0m [1m21s[0m 35ms/step - accuracy: 0.9021 - loss: 0.4898
[1m 63/665[0m [32m=[0m[37m===================[0m [1m21s[0m 35ms/step - accuracy: 0.9014 - loss: 0.4904
[1m 65/665[0m [32m=[0m[37m===================[0m [1m20s[0m 35ms/step - accuracy: 0.9007 - loss: 0.4910
[1m 67/665[0m [32m==[0m[37m==================[0m [1m20s[0m 35ms/step - accuracy: 0.9001 - loss: 0.4914
[1m 69/665[0m [32m==[0m[37m==================[0m [1m20s[0m 35ms/step - accuracy: 0.8994 - loss: 0.4919
[1m 71/665[0m [32m==[0m[37m==================[0m [1m20s[0m 35ms/step - accuracy: 0.8988 - loss: 0.4922
[1m 73/665[0m [32m==[0m[37m==================[0m [1m20s[0m 35ms/step - accuracy: 0.8982 - loss: 0.4928
[1m 75/665[0m [32m==[0m[37m==================[0m [1m20s[0m 35ms/step - accuracy: 0.8977 - loss: 0.4933
[1m 77/665[0m [32m==[0m[37m==================[0m [1m20s[0m 35ms/step - accuracy: 0.8971 - loss: 0.4938
[1m 79/665[0m [32m==[0m[37m==================[0m [1m20s[0m 35ms/step - accuracy: 0.8966 - loss: 0.4943
[1m 81/665[0m [32m==[0m[37m==================[0m [1m20s[0m 35ms/step - accuracy: 0.8962 - loss: 0.4947
[1m 83/665[0m [32m==[0m[37m==================[0m [1m20s[0m 35ms/step - accuracy: 0.8958 - loss: 0.4949
[1m 85/665[0m [32m==[0m[37m==================[0m [1m20s[0m 35ms/step - accuracy: 0.8954 - loss: 0.4952
[1m 87/665[0m [32m==[0m[37m==================[0m [1m20s[0m 35ms/step - accuracy: 0.8950 - loss: 0.4954
[1m 89/665[0m [32m==[0m[37m==================[0m [1m20s[0m 35ms/step - accuracy: 0.8946 - loss: 0.4956
[1m 91/665[0m [32m==[0m[37m==================[0m [1m19s[0m 35ms/step - accuracy: 0.8942 - loss: 0.4958
[1m 93/665[0m [32m==[0m[37m==================[0m [1m19s[0m 35ms/step - accuracy: 0.8939 - loss: 0.4961
[1m 95/665[0m [32m==[0m[37m==================[0m [1m19s[0m 35ms/step - accuracy: 0.8935 - loss: 0.4963
[1m 97/665[0m [32m==[0m[37m==================[0m [1m19s[0m 35ms/step - accuracy: 0.8932 - loss: 0.4964
[1m 99/665[0m [32m==[0m[37m==================[0m [1m19s[0m 35ms/step - accuracy: 0.8930 - loss: 0.4965
[1m101/665[0m [32m===[0m[37m=================[0m [1m19s[0m 35ms/step - accuracy: 0.8927 - loss: 0.4966
[1m103/665[0m [32m===[0m[37m=================[0m [1m19s[0m 35ms/step - accuracy: 0.8925 - loss: 0.4966
[1m105/665[0m [32m===[0m[37m=================[0m [1m19s[0m 35ms/step - accuracy: 0.8923 - loss: 0.4967
[1m107/665[0m [32m===[0m[37m=================[0m [1m19s[0m 35ms/step - accuracy: 0.8921 - loss: 0.4967
[1m109/665[0m [32m===[0m[37m=================[0m [1m19s[0m 35ms/step - accuracy: 0.8919 - loss: 0.4968
[1m111/665[0m [32m===[0m[37m=================[0m [1m19s[0m 35ms/step - accuracy: 0.8917 - loss: 0.4969
[1m113/665[0m [32m===[0m[37m=================[0m [1m19s[0m 35ms/step - accuracy: 0.8916 - loss: 0.4969
[1m115/665[0m [32m===[0m[37m=================[0m [1m19s[0m 35ms/step - accuracy: 0.8914 - loss: 0.4970
[1m117/665[0m [32m===[0m[37m=================[0m [1m18s[0m 35ms/step - accuracy: 0.8913 - loss: 0.4970
[1m119/665[0m [32m===[0m[37m=================[0m [1m18s[0m 35ms/step - accuracy: 0.8911 - loss: 0.4970
[1m121/665[0m [32m===[0m[37m=================[0m [1m18s[0m 35ms/step - accuracy: 0.8910 - loss: 0.4970
[1m123/665[0m [32m===[0m[37m=================[0m [1m18s[0m 35ms/step - accuracy: 0.8909 - loss: 0.4970
[1m125/665[0m [32m===[0m[37m=================[0m [1m18s[0m 35ms/step - accuracy: 0.8908 - loss: 0.4970
[1m127/665[0m [32m===[0m[37m=================[0m [1m18s[0m 35ms/step - accuracy: 0.8907 - loss: 0.4969
[1m129/665[0m [32m===[0m[37m=================[0m [1m18s[0m 35ms/step - accuracy: 0.8906 - loss: 0.4969
[1m131/665[0m [32m===[0m[37m=================[0m [1m18s[0m 35ms/step - accuracy: 0.8905 - loss: 0.4969
[1m133/665[0m [32m====[0m[37m================[0m [1m18s[0m 35ms/step - accuracy: 0.8904 - loss: 0.4969
[1m135/665[0m [32m====[0m[37m================[0m [1m18s[0m 35ms/step - accuracy: 0.8903 - loss: 0.4968
[1m137/665[0m [32m====[0m[37m================[0m [1m18s[0m 35ms/step - accuracy: 0.8903 - loss: 0.4968
[1m139/665[0m [32m====[0m[37m================[0m [1m18s[0m 34ms/step - accuracy: 0.8902 - loss: 0.4968
[1m141/665[0m [32m====[0m[37m================[0m [1m18s[0m 34ms/step - accuracy: 0.8901 - loss: 0.4968
[1m143/665[0m [32m====[0m[37m================[0m [1m18s[0m 34ms/step - accuracy: 0.8900 - loss: 0.4967
[1m145/665[0m [32m====[0m[37m================[0m [1m17s[0m 34ms/step - accuracy: 0.8900 - loss: 0.4966
[1m147/665[0m [32m====[0m[37m================[0m [1m17s[0m 34ms/step - accuracy: 0.8899 - loss: 0.4965
[1m149/665[0m [32m====[0m[37m================[0m [1m17s[0m 34ms/step - accuracy: 0.8898 - loss: 0.4964
[1m151/665[0m [32m====[0m[37m================[0m [1m17s[0m 34ms/step - accuracy: 0.8898 - loss: 0.4963
[1m153/665[0m [32m====[0m[37m================[0m [1m17s[0m 34ms/step - accuracy: 0.8897 - loss: 0.4962
[1m155/665[0m [32m====[0m[37m================[0m [1m17s[0m 34ms/step - accuracy: 0.8896 - loss: 0.4961
[1m157/665[0m [32m====[0m[37m================[0m [1m17s[0m 34ms/step - accuracy: 0.8895 - loss: 0.4960
[1m159/665[0m [32m====[0m[37m================[0m [1m17s[0m 34ms/step - accuracy: 0.8895 - loss: 0.4959
[1m161/665[0m [32m====[0m[37m================[0m [1m17s[0m 34ms/step - accuracy: 0.8894 - loss: 0.4958
[1m163/665[0m [32m====[0m[37m================[0m [1m17s[0m 34ms/step - accuracy: 0.8894 - loss: 0.4956
[1m165/665[0m [32m====[0m[37m================[0m [1m17s[0m 34ms/step - accuracy: 0.8893 - loss: 0.4955
[1m167/665[0m [32m=====[0m[37m===============[0m [1m17s[0m 34ms/step - accuracy: 0.8893 - loss: 0.4953
[1m169/665[0m [32m=====[0m[37m===============[0m [1m17s[0m 34ms/step - accuracy: 0.8892 - loss: 0.4952
[1m171/665[0m [32m=====[0m[37m===============[0m [1m17s[0m 34ms/step - accuracy: 0.8892 - loss: 0.4951
[1m173/665[0m [32m=====[0m[37m===============[0m [1m16s[0m 34ms/step - accuracy: 0.8891 - loss: 0.4949
[1m175/665[0m [32m=====[0m[37m===============[0m [1m16s[0m 34ms/step - accuracy: 0.8891 - loss: 0.4948
[1m177/665[0m [32m=====[0m[37m===============[0m [1m16s[0m 34ms/step - accuracy: 0.8891 - loss: 0.4946
[1m179/665[0m [32m=====[0m[37m===============[0m [1m16s[0m 34ms/step - accuracy: 0.8890 - loss: 0.4944
